#
# There is insufficient memory for the Java Runtime Environment to continue.
# Native memory allocation (malloc) failed to allocate 97568 bytes for Chunk::new
# Possible reasons:
#   The system is out of physical RAM or swap space
#   The process is running with CompressedOops enabled, and the Java Heap may be blocking the growth of the native heap
# Possible solutions:
#   Reduce memory load on the system
#   Increase physical memory or swap space
#   Check if swap backing store is full
#   Decrease Java heap size (-Xmx/-Xms)
#   Decrease number of Java threads
#   Decrease Java thread stack sizes (-Xss)
#   Set larger code cache with -XX:ReservedCodeCacheSize=
#   JVM is running with Unscaled Compressed Oops mode in which the Java heap is
#     placed in the first 4GB address space. The Java Heap base address is the
#     maximum limit for the native heap growth. Please use -XX:HeapBaseMinAddress
#     to set the Java Heap base and to place the Java Heap above 4GB virtual address.
# This output file may be truncated or incomplete.
#
#  Out of Memory Error (allocation.cpp:389), pid=12468, tid=0x0000000000002f18
#
# JRE version: Java(TM) SE Runtime Environment (8.0_211-b12) (build 1.8.0_211-b12)
# Java VM: Java HotSpot(TM) 64-Bit Server VM (25.211-b12 mixed mode windows-amd64 compressed oops)
# Failed to write core dump. Minidumps are not enabled by default on client versions of Windows
#

---------------  T H R E A D  ---------------

Current thread (0x00000000132c9800):  JavaThread "C2 CompilerThread1" daemon [_thread_in_native, id=12056, stack(0x0000000014a20000,0x0000000014b20000)]

Stack: [0x0000000014a20000,0x0000000014b20000]
[error occurred during error reporting (printing stack bounds), id 0xc0000005]

Native frames: (J=compiled Java code, j=interpreted, Vv=VM code, C=native code)


Current CompileTask:
C2:   3984  859   !   4       java.util.concurrent.ConcurrentHashMap::putVal (362 bytes)


---------------  P R O C E S S  ---------------

Java Threads: ( => current thread )
  0x0000000015413800 JavaThread "Forward input" [_thread_blocked, id=9684, stack(0x0000000018200000,0x0000000018300000)]
  0x0000000015300800 JavaThread "DisconnectableInputStream source reader" daemon [_thread_in_native, id=5184, stack(0x0000000018100000,0x0000000018200000)]
  0x000000001592b800 JavaThread "pool-1-thread-1" [_thread_blocked, id=2000, stack(0x00000000169f0000,0x0000000016af0000)]
  0x0000000014b2e000 JavaThread "Service Thread" daemon [_thread_blocked, id=872, stack(0x0000000015020000,0x0000000015120000)]
  0x0000000014b29800 JavaThread "C1 CompilerThread2" daemon [_thread_blocked, id=5684, stack(0x0000000014f20000,0x0000000015020000)]
=>0x00000000132c9800 JavaThread "C2 CompilerThread1" daemon [_thread_in_native, id=12056, stack(0x0000000014a20000,0x0000000014b20000)]
  0x00000000132c6000 JavaThread "C2 CompilerThread0" daemon [_thread_in_native, id=11068, stack(0x0000000014920000,0x0000000014a20000)]
  0x00000000132c5000 JavaThread "Attach Listener" daemon [_thread_blocked, id=10592, stack(0x0000000014820000,0x0000000014920000)]
  0x00000000132c3800 JavaThread "Signal Dispatcher" daemon [_thread_blocked, id=3488, stack(0x0000000014720000,0x0000000014820000)]
  0x0000000002f57800 JavaThread "Finalizer" daemon [_thread_blocked, id=4860, stack(0x0000000014510000,0x0000000014610000)]
  0x00000000132aa000 JavaThread "Reference Handler" daemon [_thread_blocked, id=12536, stack(0x0000000014410000,0x0000000014510000)]
  0x0000000002e64800 JavaThread "main" [_thread_in_native, id=7656, stack(0x0000000002c90000,0x0000000002d90000)]

Other Threads:
  0x0000000013286800 VMThread [stack: 0x0000000014310000,0x0000000014410000] [id=10888]
  0x0000000014b30800 WatcherThread [stack: 0x0000000015120000,0x0000000015220000] [id=12932]

VM state:not at safepoint (normal execution)

VM Mutex/Monitor currently owned by a thread: None

heap address: 0x00000000fc000000, size: 64 MB, Compressed Oops mode: 32-bit
Narrow klass base: 0x0000000000000000, Narrow klass shift: 3
Compressed class space size: 1073741824 Address: 0x0000000100000000

Heap:
 PSYoungGen      total 18944K, used 10929K [0x00000000feb00000, 0x0000000100000000, 0x0000000100000000)
  eden space 16384K, 51% used [0x00000000feb00000,0x00000000ff332f80,0x00000000ffb00000)
  from space 2560K, 98% used [0x00000000ffd80000,0x00000000ffff9480,0x0000000100000000)
  to   space 2560K, 0% used [0x00000000ffb00000,0x00000000ffb00000,0x00000000ffd80000)
 ParOldGen       total 44032K, used 1586K [0x00000000fc000000, 0x00000000feb00000, 0x00000000feb00000)
  object space 44032K, 3% used [0x00000000fc000000,0x00000000fc18c820,0x00000000feb00000)
 Metaspace       used 10811K, capacity 11088K, committed 11392K, reserved 1058816K
  class space    used 1467K, capacity 1570K, committed 1664K, reserved 1048576K

Card table byte_map: [0x00000000013f0000,0x0000000001420000] byte_map_base: 0x0000000000c10000

Marking Bits: (ParMarkBitMap*) 0x0000000071ac5ce0
 Begin Bits: [0x0000000012720000, 0x0000000012820000)
 End Bits:   [0x0000000012820000, 0x0000000012920000)

Polling page: 0x0000000000bf0000

CodeCache: size=245760Kb used=3194Kb max_used=3194Kb free=242566Kb
 bounds [0x0000000002f60000, 0x0000000003280000, 0x0000000011f60000]
 total_blobs=1224 nmethods=863 adapters=274
 compilation: enabled

Compilation events (10 events):
Event: 3.853 Thread 0x0000000014b29800 nmethod 860 0x000000000327c0d0 code [0x000000000327c2a0, 0x000000000327c8f8]
Event: 3.853 Thread 0x0000000014b29800  861       3       com.esotericsoftware.kryo.io.Output::require (209 bytes)
Event: 3.854 Thread 0x0000000014b29800 nmethod 861 0x000000000327d890 code [0x000000000327db40, 0x000000000327eb98]
Event: 3.854 Thread 0x0000000014b29800  862       3       org.gradle.internal.serialize.kryo.KryoBackedEncoder::writeString (23 bytes)
Event: 3.854 Thread 0x0000000014b29800 nmethod 862 0x000000000327bb90 code [0x000000000327bd20, 0x000000000327bfb8]
Event: 3.854 Thread 0x0000000014b29800  863       3       com.esotericsoftware.kryo.io.Output::writeUtf8Length (405 bytes)
Event: 3.855 Thread 0x0000000014b29800 nmethod 863 0x000000000327add0 code [0x000000000327afc0, 0x000000000327b708]
Event: 3.861 Thread 0x00000000132c6000  864       4       java.util.HashSet::add (20 bytes)
Event: 3.867 Thread 0x0000000014b29800  865       1       java.util.concurrent.locks.AbstractQueuedSynchronizer::getState (5 bytes)
Event: 3.868 Thread 0x0000000014b29800 nmethod 865 0x000000000327ab10 code [0x000000000327ac60, 0x000000000327ad70]

GC Heap History (4 events):
Event: 0.886 GC heap before
{Heap before GC invocations=1 (full 0):
 PSYoungGen      total 18944K, used 16384K [0x00000000feb00000, 0x0000000100000000, 0x0000000100000000)
  eden space 16384K, 100% used [0x00000000feb00000,0x00000000ffb00000,0x00000000ffb00000)
  from space 2560K, 0% used [0x00000000ffd80000,0x00000000ffd80000,0x0000000100000000)
  to   space 2560K, 0% used [0x00000000ffb00000,0x00000000ffb00000,0x00000000ffd80000)
 ParOldGen       total 44032K, used 0K [0x00000000fc000000, 0x00000000feb00000, 0x00000000feb00000)
  object space 44032K, 0% used [0x00000000fc000000,0x00000000fc000000,0x00000000feb00000)
 Metaspace       used 6386K, capacity 6654K, committed 6784K, reserved 1056768K
  class space    used 785K, capacity 877K, committed 896K, reserved 1048576K
Event: 0.891 GC heap after
Heap after GC invocations=1 (full 0):
 PSYoungGen      total 18944K, used 2549K [0x00000000feb00000, 0x0000000100000000, 0x0000000100000000)
  eden space 16384K, 0% used [0x00000000feb00000,0x00000000feb00000,0x00000000ffb00000)
  from space 2560K, 99% used [0x00000000ffb00000,0x00000000ffd7d5c8,0x00000000ffd80000)
  to   space 2560K, 0% used [0x00000000ffd80000,0x00000000ffd80000,0x0000000100000000)
 ParOldGen       total 44032K, used 40K [0x00000000fc000000, 0x00000000feb00000, 0x00000000feb00000)
  object space 44032K, 0% used [0x00000000fc000000,0x00000000fc00a000,0x00000000feb00000)
 Metaspace       used 6386K, capacity 6654K, committed 6784K, reserved 1056768K
  class space    used 785K, capacity 877K, committed 896K, reserved 1048576K
}
Event: 2.151 GC heap before
{Heap before GC invocations=2 (full 0):
 PSYoungGen      total 18944K, used 18933K [0x00000000feb00000, 0x0000000100000000, 0x0000000100000000)
  eden space 16384K, 100% used [0x00000000feb00000,0x00000000ffb00000,0x00000000ffb00000)
  from space 2560K, 99% used [0x00000000ffb00000,0x00000000ffd7d5c8,0x00000000ffd80000)
  to   space 2560K, 0% used [0x00000000ffd80000,0x00000000ffd80000,0x0000000100000000)
 ParOldGen       total 44032K, used 40K [0x00000000fc000000, 0x00000000feb00000, 0x00000000feb00000)
  object space 44032K, 0% used [0x00000000fc000000,0x00000000fc00a000,0x00000000feb00000)
 Metaspace       used 9134K, capacity 9516K, committed 9600K, reserved 1056768K
  class space    used 1222K, capacity 1344K, committed 1408K, reserved 1048576K
Event: 2.157 GC heap after
Heap after GC invocations=2 (full 0):
 PSYoungGen      total 18944K, used 2533K [0x00000000feb00000, 0x0000000100000000, 0x0000000100000000)
  eden space 16384K, 0% used [0x00000000feb00000,0x00000000feb00000,0x00000000ffb00000)
  from space 2560K, 98% used [0x00000000ffd80000,0x00000000ffff9480,0x0000000100000000)
  to   space 2560K, 0% used [0x00000000ffb00000,0x00000000ffb00000,0x00000000ffd80000)
 ParOldGen       total 44032K, used 1586K [0x00000000fc000000, 0x00000000feb00000, 0x00000000feb00000)
  object space 44032K, 3% used [0x00000000fc000000,0x00000000fc18c820,0x00000000feb00000)
 Metaspace       used 9134K, capacity 9516K, committed 9600K, reserved 1056768K
  class space    used 1222K, capacity 1344K, committed 1408K, reserved 1048576K
}

Deoptimization events (10 events):
Event: 0.617 Thread 0x0000000002e64800 Uncommon trap: reason=unstable_if action=reinterpret pc=0x0000000003149bf8 method=java.lang.String.startsWith(Ljava/lang/String;I)Z @ 25
Event: 0.970 Thread 0x0000000002e64800 Uncommon trap: reason=unstable_if action=reinterpret pc=0x0000000003136980 method=java.util.regex.Matcher.reset()Ljava/util/regex/Matcher; @ 47
Event: 0.970 Thread 0x0000000002e64800 Uncommon trap: reason=class_check action=maybe_recompile pc=0x000000000313f50c method=java.util.regex.Matcher.match(II)Z @ 86
Event: 0.970 Thread 0x0000000002e64800 Uncommon trap: reason=class_check action=maybe_recompile pc=0x000000000313f50c method=java.util.regex.Matcher.match(II)Z @ 86
Event: 0.971 Thread 0x0000000002e64800 Uncommon trap: reason=class_check action=maybe_recompile pc=0x000000000313f50c method=java.util.regex.Matcher.match(II)Z @ 86
Event: 0.971 Thread 0x0000000002e64800 Uncommon trap: reason=class_check action=maybe_recompile pc=0x000000000313f50c method=java.util.regex.Matcher.match(II)Z @ 86
Event: 1.228 Thread 0x0000000002e64800 Uncommon trap: reason=unstable_if action=reinterpret pc=0x00000000031b95a4 method=sun.misc.MetaIndex.mayContain(Ljava/lang/String;)Z @ 38
Event: 2.138 Thread 0x0000000002e64800 Uncommon trap: reason=unstable_if action=reinterpret pc=0x00000000031dede0 method=java.util.HashMap.hash(Ljava/lang/Object;)I @ 1
Event: 2.204 Thread 0x0000000002e64800 Uncommon trap: reason=unstable_if action=reinterpret pc=0x00000000031d853c method=java.util.HashMap.getNode(ILjava/lang/Object;)Ljava/util/HashMap$Node; @ 129
Event: 2.204 Thread 0x0000000002e64800 Uncommon trap: reason=class_check action=maybe_recompile pc=0x00000000031e392c method=java.util.HashMap.putVal(ILjava/lang/Object;Ljava/lang/Object;ZZ)Ljava/lang/Object; @ 203

Classes redefined (0 events):
No events

Internal exceptions (10 events):
Event: 2.138 Thread 0x0000000002e64800 Implicit null exception at 0x00000000031debd5 to 0x00000000031dedd1
Event: 2.143 Thread 0x0000000002e64800 Exception <a 'java/lang/ArrayIndexOutOfBoundsException'> (0x00000000ffa945d8) thrown at [C:\re\workspace\8-2-build-windows-amd64-cygwin\jdk8u211\12973\hotspot\src\share\vm\runtime\sharedRuntime.cpp, line 605]
Event: 2.143 Thread 0x0000000002e64800 Exception <a 'java/lang/ArrayIndexOutOfBoundsException'> (0x00000000ffa989d8) thrown at [C:\re\workspace\8-2-build-windows-amd64-cygwin\jdk8u211\12973\hotspot\src\share\vm\runtime\sharedRuntime.cpp, line 605]
Event: 2.157 Thread 0x0000000002e64800 Exception <a 'java/lang/ArrayIndexOutOfBoundsException'> (0x00000000feb02dc0) thrown at [C:\re\workspace\8-2-build-windows-amd64-cygwin\jdk8u211\12973\hotspot\src\share\vm\runtime\sharedRuntime.cpp, line 605]
Event: 2.157 Thread 0x0000000002e64800 Exception <a 'java/lang/ArrayIndexOutOfBoundsException'> (0x00000000feb03e98) thrown at [C:\re\workspace\8-2-build-windows-amd64-cygwin\jdk8u211\12973\hotspot\src\share\vm\runtime\sharedRuntime.cpp, line 605]
Event: 2.157 Thread 0x0000000002e64800 Exception <a 'java/lang/ArrayIndexOutOfBoundsException'> (0x00000000feb05840) thrown at [C:\re\workspace\8-2-build-windows-amd64-cygwin\jdk8u211\12973\hotspot\src\share\vm\runtime\sharedRuntime.cpp, line 605]
Event: 2.157 Thread 0x0000000002e64800 Exception <a 'java/lang/ArrayIndexOutOfBoundsException'> (0x00000000feb082c8) thrown at [C:\re\workspace\8-2-build-windows-amd64-cygwin\jdk8u211\12973\hotspot\src\share\vm\runtime\sharedRuntime.cpp, line 605]
Event: 2.157 Thread 0x0000000002e64800 Exception <a 'java/lang/ArrayIndexOutOfBoundsException'> (0x00000000feb09e48) thrown at [C:\re\workspace\8-2-build-windows-amd64-cygwin\jdk8u211\12973\hotspot\src\share\vm\runtime\sharedRuntime.cpp, line 605]
Event: 2.158 Thread 0x0000000002e64800 Exception <a 'java/lang/ArrayIndexOutOfBoundsException'> (0x00000000feb0d678) thrown at [C:\re\workspace\8-2-build-windows-amd64-cygwin\jdk8u211\12973\hotspot\src\share\vm\runtime\sharedRuntime.cpp, line 605]
Event: 2.158 Thread 0x0000000002e64800 Exception <a 'java/lang/ArrayIndexOutOfBoundsException'> (0x00000000feb10358) thrown at [C:\re\workspace\8-2-build-windows-amd64-cygwin\jdk8u211\12973\hotspot\src\share\vm\runtime\sharedRuntime.cpp, line 605]

Events (10 events):
Event: 3.868 loading class java/nio/channels/AsynchronousCloseException done
Event: 3.868 loading class org/gradle/internal/concurrent/ManagedExecutorImpl$1
Event: 3.868 loading class org/gradle/internal/concurrent/ManagedExecutorImpl$1 done
Event: 3.869 loading class org/gradle/internal/concurrent/ThreadFactoryImpl$ManagedThreadRunnable
Event: 3.869 loading class org/gradle/internal/concurrent/ThreadFactoryImpl$ManagedThreadRunnable done
Event: 3.869 Thread 0x0000000015413800 Thread added: 0x0000000015413800
Event: 3.871 loading class org/gradle/internal/concurrent/GradleThread
Event: 3.871 loading class org/gradle/internal/concurrent/GradleThread done
Event: 3.872 loading class org/gradle/internal/concurrent/GradleThread$1
Event: 3.872 loading class org/gradle/internal/concurrent/GradleThread$1 done


Dynamic libraries:
0x00007ff65d280000 - 0x00007ff65d2b7000 	C:\Program Files\Java\jdk1.8.0_211\bin\java.exe
0x00007ffa97810000 - 0x00007ffa97a04000 	C:\WINDOWS\SYSTEM32\ntdll.dll
0x00007ffa96740000 - 0x00007ffa967fd000 	C:\WINDOWS\System32\KERNEL32.DLL
0x00007ffa95030000 - 0x00007ffa952f7000 	C:\WINDOWS\System32\KERNELBASE.dll
0x00007ffa97690000 - 0x00007ffa9773a000 	C:\WINDOWS\System32\ADVAPI32.dll
0x00007ffa96b60000 - 0x00007ffa96bfe000 	C:\WINDOWS\System32\msvcrt.dll
0x00007ffa966a0000 - 0x00007ffa9673b000 	C:\WINDOWS\System32\sechost.dll
0x00007ffa97310000 - 0x00007ffa97433000 	C:\WINDOWS\System32\RPCRT4.dll
0x00007ffa96f30000 - 0x00007ffa970d0000 	C:\WINDOWS\System32\USER32.dll
0x00007ffa94f60000 - 0x00007ffa94f82000 	C:\WINDOWS\System32\win32u.dll
0x00007ffa96660000 - 0x00007ffa9668a000 	C:\WINDOWS\System32\GDI32.dll
0x00007ffa95670000 - 0x00007ffa9577a000 	C:\WINDOWS\System32\gdi32full.dll
0x00007ffa94f90000 - 0x00007ffa9502d000 	C:\WINDOWS\System32\msvcp_win.dll
0x00007ffa95780000 - 0x00007ffa95880000 	C:\WINDOWS\System32\ucrtbase.dll
0x00007ffa7e6a0000 - 0x00007ffa7e93a000 	C:\WINDOWS\WinSxS\amd64_microsoft.windows.common-controls_6595b64144ccf1df_6.0.19041.1_none_b555e41d4684ddec\COMCTL32.dll
0x00007ffa97570000 - 0x00007ffa975a0000 	C:\WINDOWS\System32\IMM32.DLL
0x0000000071b50000 - 0x0000000071c22000 	C:\Program Files\Java\jdk1.8.0_211\jre\bin\msvcr100.dll
0x00000000712a0000 - 0x0000000071b45000 	C:\Program Files\Java\jdk1.8.0_211\jre\bin\server\jvm.dll
0x00007ffa96690000 - 0x00007ffa96698000 	C:\WINDOWS\System32\PSAPI.DLL
0x00007ffa886b0000 - 0x00007ffa886ba000 	C:\WINDOWS\SYSTEM32\VERSION.dll
0x00007ffa8b760000 - 0x00007ffa8b787000 	C:\WINDOWS\SYSTEM32\WINMM.dll
0x00007ffa90a60000 - 0x00007ffa90a69000 	C:\WINDOWS\SYSTEM32\WSOCK32.dll
0x00007ffa975a0000 - 0x00007ffa9760b000 	C:\WINDOWS\System32\WS2_32.dll
0x00007ffa90a00000 - 0x00007ffa90a0f000 	C:\Program Files\Java\jdk1.8.0_211\jre\bin\verify.dll
0x00007ffa6dd80000 - 0x00007ffa6dda9000 	C:\Program Files\Java\jdk1.8.0_211\jre\bin\java.dll
0x00007ffa6ed90000 - 0x00007ffa6eda6000 	C:\Program Files\Java\jdk1.8.0_211\jre\bin\zip.dll
0x00007ffa95890000 - 0x00007ffa95fc5000 	C:\WINDOWS\System32\SHELL32.dll
0x00007ffa92d90000 - 0x00007ffa9351f000 	C:\WINDOWS\SYSTEM32\windows.storage.dll
0x00007ffa96800000 - 0x00007ffa96b53000 	C:\WINDOWS\System32\combase.dll
0x00007ffa94910000 - 0x00007ffa9493b000 	C:\WINDOWS\SYSTEM32\Wldp.dll
0x00007ffa95ff0000 - 0x00007ffa9609e000 	C:\WINDOWS\System32\SHCORE.dll
0x00007ffa960a0000 - 0x00007ffa960f5000 	C:\WINDOWS\System32\shlwapi.dll
0x00007ffa94ea0000 - 0x00007ffa94ebf000 	C:\WINDOWS\SYSTEM32\profapi.dll
0x00007ffa6ece0000 - 0x00007ffa6ecfa000 	C:\Program Files\Java\jdk1.8.0_211\jre\bin\net.dll
0x00007ffa8ac90000 - 0x00007ffa8ae7d000 	C:\WINDOWS\SYSTEM32\urlmon.dll
0x00007ffa89c70000 - 0x00007ffa89f1e000 	C:\WINDOWS\SYSTEM32\iertutil.dll
0x00007ffa94690000 - 0x00007ffa946fa000 	C:\WINDOWS\system32\mswsock.dll
0x00007ffa6b9d0000 - 0x00007ffa6b9e2000 	C:\Program Files\Java\jdk1.8.0_211\jre\bin\nio.dll
0x00007ffa69380000 - 0x00007ffa693aa000 	C:\Users\leosa\.gradle\native\36\windows-amd64\native-platform.dll
0x00007ffa8b570000 - 0x00007ffa8b57a000 	C:\Users\leosa\.gradle\native\jansi\1.18\windows64\jansi.dll
0x00007ffa8e5f0000 - 0x00007ffa8e5fd000 	C:\Program Files\Java\jdk1.8.0_211\jre\bin\management.dll
0x00007ffa94860000 - 0x00007ffa94878000 	C:\WINDOWS\SYSTEM32\CRYPTSP.dll
0x00007ffa94020000 - 0x00007ffa94054000 	C:\WINDOWS\system32\rsaenh.dll
0x00007ffa953d0000 - 0x00007ffa953f7000 	C:\WINDOWS\System32\bcrypt.dll
0x00007ffa94e20000 - 0x00007ffa94e4e000 	C:\WINDOWS\SYSTEM32\USERENV.dll
0x00007ffa95350000 - 0x00007ffa953cf000 	C:\WINDOWS\System32\bcryptprimitives.dll
0x00007ffa94880000 - 0x00007ffa9488c000 	C:\WINDOWS\SYSTEM32\CRYPTBASE.dll
0x00007ffa94380000 - 0x00007ffa943bb000 	C:\WINDOWS\SYSTEM32\IPHLPAPI.DLL
0x00007ffa961e0000 - 0x00007ffa961e9000 	C:\WINDOWS\System32\NSI.dll
0x00007ffa8d870000 - 0x00007ffa8d887000 	C:\WINDOWS\SYSTEM32\dhcpcsvc6.DLL
0x00007ffa8d850000 - 0x00007ffa8d86d000 	C:\WINDOWS\SYSTEM32\dhcpcsvc.DLL
0x00007ffa943c0000 - 0x00007ffa9448a000 	C:\WINDOWS\SYSTEM32\DNSAPI.dll

VM Arguments:
jvm_args: -Xmx64m -Xms64m -Dorg.gradle.appname=gradlew 
java_command: org.gradle.wrapper.GradleWrapperMain app:installDebug -PreactNativeDevServerPort=8081
java_class_path (initial): C:\Rocketseat - Bootcamp\Bootcamp V2\App\mobile\android\\gradle\wrapper\gradle-wrapper.jar
Launcher Type: SUN_STANDARD

Environment Variables:
JAVA_HOME=C:\Program Files\Java\jdk1.8.0_211
CLASSPATH=C:\Rocketseat - Bootcamp\Bootcamp V2\App\mobile\android\\gradle\wrapper\gradle-wrapper.jar
USERNAME=leosa
OS=Windows_NT
PROCESSOR_IDENTIFIER=Intel64 Family 6 Model 142 Stepping 9, GenuineIntel



---------------  S Y S T E M  ---------------

OS: Windows 10.0 , 64 bit Build 19041 (10.0.19041.292)

CPU:total 4 (initial active 4) (2 cores per cpu, 2 threads per core) family 6 model 142 stepping 9, cmov, cx8, fxsr, mmx, sse, sse2, sse3, ssse3, sse4.1, sse4.2, popcnt, avx, avx2, aes, clmul, erms, 3dnowpref, lzcnt, ht, tsc, tscinvbit, bmi1, bmi2, adx

Memory: 4k page, physical 8260324k(784004k free), swap 8260324k(3076k free)

vm_info: Java HotSpot(TM) 64-Bit Server VM (25.211-b12) for windows-amd64 JRE (1.8.0_211-b12), built on Apr  1 2019 20:53:26 by "java_re" with MS VC++ 10.0 (VS2010)

time: Sat Aug 01 15:50:02 2020
timezone: Hora oficial do Brasil
elapsed time: 3 seconds (0d 0h 0m 3s)

